<?xml version="1.0" encoding="UTF-8"?>
<!-- Generated by org.testng.reporters.JUnitReportReporter -->
<testsuite hostname="MSI" failures="0" tests="1" name="Scripts.TestCase1" time="9.124" errors="0" timestamp="2023-08-17T17:27:55 IST" skipped="0">
  <testcase classname="Scripts.TestCase1" name="tc2" time="9.124"/>
</testsuite> <!-- Scripts.TestCase1 -->
