<?xml version="1.0" encoding="UTF-8"?>
<!-- Generated by org.testng.reporters.JUnitReportReporter -->
<testsuite hostname="MSI" failures="0" tests="1" name="Scripts.TestCase" time="9.151" errors="0" timestamp="2023-08-17T16:44:30 IST" skipped="0">
  <testcase classname="Scripts.TestCase" name="tc" time="9.151"/>
</testsuite> <!-- Scripts.TestCase -->
